{
  "stats": {
    "suites": 1,
    "tests": 1,
    "passes": 1,
    "pending": 0,
    "failures": 0,
    "start": "2022-04-11T08:20:45.560Z",
    "end": "2022-04-11T08:21:12.582Z",
    "duration": 27022,
    "testsRegistered": 1,
    "passPercent": 100,
    "pendingPercent": 0,
    "other": 0,
    "hasOther": false,
    "skipped": 0,
    "hasSkipped": false
  },
  "results": [
    {
      "uuid": "43feb387-6f45-40f4-9b22-c8687b60df7c",
      "title": "",
      "fullFile": "cypress/integration/Test1.js",
      "file": "cypress/integration/Test1.js",
      "beforeHooks": [],
      "afterHooks": [],
      "tests": [],
      "suites": [
        {
          "uuid": "0ef62cf4-f9ed-4b8f-960f-ab80181d750e",
          "title": "Go to URL ",
          "fullFile": "",
          "file": "",
          "beforeHooks": [],
          "afterHooks": [],
          "tests": [
            {
              "title": "Launch the web app",
              "fullTitle": "Go to URL  Launch the web app",
              "timedOut": null,
              "duration": 22861,
              "state": "passed",
              "speed": "slow",
              "pass": true,
              "fail": false,
              "pending": false,
              "context": null,
              "code": "cy.visit('https://rahulshettyacademy.com/seleniumPractise/#/');",
              "err": {},
              "uuid": "19e69218-3576-4c61-9b3a-f76516d42097",
              "parentUUID": "0ef62cf4-f9ed-4b8f-960f-ab80181d750e",
              "isHook": false,
              "skipped": false
            }
          ],
          "suites": [],
          "passes": [
            "19e69218-3576-4c61-9b3a-f76516d42097"
          ],
          "failures": [],
          "pending": [],
          "skipped": [],
          "duration": 22861,
          "root": false,
          "rootEmpty": false,
          "_timeout": 2000
        }
      ],
      "passes": [],
      "failures": [],
      "pending": [],
      "skipped": [],
      "duration": 0,
      "root": true,
      "rootEmpty": true,
      "_timeout": 2000
    }
  ],
  "meta": {
    "mocha": {
      "version": "7.0.1"
    },
    "mochawesome": {
      "options": {
        "quiet": false,
        "reportFilename": "mochawesome",
        "saveHtml": true,
        "saveJson": true,
        "consoleReporter": "spec",
        "useInlineDiffs": false,
        "code": true
      },
      "version": "7.1.3"
    },
    "marge": {
      "options": null,
      "version": "6.2.0"
    }
  }
}